    Finished `dev` profile [unoptimized + debuginfo] target(s) in 0.08s
     Running `target/debug/copyway`
[3773115.981][rs] -> wl_display@1.get_registry(wl_registry@2)
[3773116.238][rs] <- wl_registry@2.global, (1, Some("wl_seat"), 9)
[3773116.336][rs] <- wl_registry@2.global, (2, Some("wl_data_device_manager"), 3)
[3773116.457][rs] <- wl_registry@2.global, (3, Some("wl_compositor"), 6)
[3773116.568][rs] <- wl_registry@2.global, (4, Some("wl_subcompositor"), 1)
[3773116.675][rs] <- wl_registry@2.global, (5, Some("wl_shm"), 1)
[3773116.780][rs] <- wl_registry@2.global, (6, Some("wp_viewporter"), 1)
[3773116.860][rs] <- wl_registry@2.global, (7, Some("wp_tearing_control_manager_v1"), 1)
[3773116.940][rs] <- wl_registry@2.global, (8, Some("wp_fractional_scale_manager_v1"), 1)
[3773117.019][rs] <- wl_registry@2.global, (9, Some("zxdg_output_manager_v1"), 3)
[3773117.110][rs] <- wl_registry@2.global, (10, Some("wp_cursor_shape_manager_v1"), 1)
[3773117.190][rs] <- wl_registry@2.global, (11, Some("zwp_idle_inhibit_manager_v1"), 1)
[3773117.270][rs] <- wl_registry@2.global, (12, Some("zwp_relative_pointer_manager_v1"), 1)
[3773117.381][rs] <- wl_registry@2.global, (13, Some("zxdg_decoration_manager_v1"), 1)
[3773117.461][rs] <- wl_registry@2.global, (14, Some("wp_alpha_modifier_v1"), 1)
[3773117.540][rs] <- wl_registry@2.global, (15, Some("zwlr_gamma_control_manager_v1"), 1)
[3773117.619][rs] <- wl_registry@2.global, (16, Some("ext_foreign_toplevel_list_v1"), 1)
[3773117.699][rs] <- wl_registry@2.global, (17, Some("zwp_pointer_gestures_v1"), 3)
[3773117.778][rs] <- wl_registry@2.global, (18, Some("zwlr_foreign_toplevel_manager_v1"), 3)
[3773117.858][rs] <- wl_registry@2.global, (19, Some("zwp_keyboard_shortcuts_inhibit_manager_v1"), 1)
[3773117.937][rs] <- wl_registry@2.global, (20, Some("zwp_text_input_manager_v1"), 1)
[3773118.016][rs] <- wl_registry@2.global, (21, Some("zwp_text_input_manager_v3"), 1)
[3773118.099][rs] <- wl_registry@2.global, (22, Some("zwp_pointer_constraints_v1"), 1)
[3773118.181][rs] <- wl_registry@2.global, (23, Some("zwlr_output_power_manager_v1"), 1)
[3773118.261][rs] <- wl_registry@2.global, (24, Some("xdg_activation_v1"), 1)
[3773118.357][rs] <- wl_registry@2.global, (25, Some("ext_idle_notifier_v1"), 2)
[3773118.464][rs] <- wl_registry@2.global, (26, Some("hyprland_lock_notifier_v1"), 1)
[3773118.573][rs] <- wl_registry@2.global, (27, Some("ext_session_lock_manager_v1"), 1)
[3773118.688][rs] <- wl_registry@2.global, (28, Some("zwp_input_method_manager_v2"), 1)
[3773118.799][rs] <- wl_registry@2.global, (29, Some("zwp_virtual_keyboard_manager_v1"), 1)
[3773118.905][rs] <- wl_registry@2.global, (30, Some("zwlr_virtual_pointer_manager_v1"), 2)
[3773118.985][rs] <- wl_registry@2.global, (31, Some("zwlr_output_manager_v1"), 4)
[3773119.064][rs] <- wl_registry@2.global, (32, Some("org_kde_kwin_server_decoration_manager"), 1)
[3773119.147][rs] <- wl_registry@2.global, (33, Some("hyprland_focus_grab_manager_v1"), 1)
[3773119.238][rs] <- wl_registry@2.global, (34, Some("zwp_tablet_manager_v2"), 1)
[3773119.319][rs] <- wl_registry@2.global, (35, Some("zwlr_layer_shell_v1"), 5)
[3773119.415][rs] <- wl_registry@2.global, (36, Some("wp_presentation"), 1)
[3773119.495][rs] <- wl_registry@2.global, (37, Some("xdg_wm_base"), 6)
[3773119.575][rs] <- wl_registry@2.global, (38, Some("zwlr_data_control_manager_v1"), 2)
[3773119.654][rs] <- wl_registry@2.global, (39, Some("zwp_primary_selection_device_manager_v1"), 1)
[3773119.734][rs] <- wl_registry@2.global, (40, Some("xwayland_shell_v1"), 1)
[3773119.813][rs] <- wl_registry@2.global, (41, Some("zwlr_screencopy_manager_v1"), 3)
[3773119.893][rs] <- wl_registry@2.global, (42, Some("hyprland_toplevel_export_manager_v1"), 2)
[3773119.972][rs] <- wl_registry@2.global, (43, Some("hyprland_toplevel_mapping_manager_v1"), 1)
[3773120.052][rs] <- wl_registry@2.global, (44, Some("hyprland_global_shortcuts_manager_v1"), 1)
[3773120.135][rs] <- wl_registry@2.global, (45, Some("xdg_wm_dialog_v1"), 1)
[3773120.214][rs] <- wl_registry@2.global, (46, Some("wp_single_pixel_buffer_manager_v1"), 1)
[3773120.310][rs] <- wl_registry@2.global, (47, Some("wp_security_context_manager_v1"), 1)
[3773120.430][rs] <- wl_registry@2.global, (48, Some("hyprland_ctm_control_manager_v1"), 2)
[3773120.511][rs] <- wl_registry@2.global, (49, Some("hyprland_surface_manager_v1"), 2)
[3773120.592][rs] <- wl_registry@2.global, (50, Some("wp_content_type_manager_v1"), 1)
[3773120.672][rs] <- wl_registry@2.global, (51, Some("xdg_toplevel_tag_manager_v1"), 1)
[3773120.753][rs] <- wl_registry@2.global, (52, Some("xdg_system_bell_v1"), 1)
[3773120.834][rs] <- wl_registry@2.global, (53, Some("wp_color_manager_v1"), 1)
[3773120.914][rs] <- wl_registry@2.global, (54, Some("wp_drm_lease_device_v1"), 1)
[3773120.995][rs] <- wl_registry@2.global, (55, Some("wp_linux_drm_syncobj_manager_v1"), 1)
[3773121.076][rs] <- wl_registry@2.global, (56, Some("wl_drm"), 2)
[3773121.159][rs] <- wl_registry@2.global, (57, Some("zwp_linux_dmabuf_v1"), 5)
[3773121.240][rs] <- wl_registry@2.global, (58, Some("wl_output"), 4)
[3773121.358][rs] -> wl_registry@2.bind(1, Some("wl_seat"), 1, wl_seat@3)
[3773121.471][rs] -> wl_registry@2.bind(3, Some("wl_compositor"), 1, wl_compositor@4)
[3773121.573][rs] -> wl_compositor@4.create_surface(wl_surface@5)
[3773121.639][rs] -> wl_registry@2.bind(5, Some("wl_shm"), 1, wl_shm@6)
[3773129.458][rs] -> wl_shm@6.create_pool(wl_shm_pool@7, 4, 307200)
[3773129.577][rs] -> wl_shm_pool@7.create_buffer(wl_buffer@8, 0, 320, 240, 1280, 0)
[3773129.827][rs] -> wl_registry@2.bind(35, Some("zwlr_layer_shell_v1"), 4, zwlr_layer_shell_v1@9)
[3773130.220][rs] <- wl_seat@3.capabilities, (3)
[3773130.283][rs] <- wl_shm@6.format, (0)
[3773130.348][rs] <- wl_shm@6.format, (1)
[3773130.408][rs] <- wl_shm@6.format, (875709016)
[3773130.459][rs] <- wl_shm@6.format, (875708993)
[3773130.509][rs] <- wl_shm@6.format, (808669784)
[3773130.560][rs] <- wl_shm@6.format, (808669761)
[3773130.612][rs] <- wl_shm@6.format, (808665688)
[3773130.663][rs] <- wl_shm@6.format, (808665665)
[3773130.734][rs] -> wl_seat@3.get_keyboard(wl_keyboard@10)
[3773130.942][rs] <- wl_keyboard@10.keymap, (1, 4, 69444)
